[2019.05.05 - 19:00:55] [INFO] [StartRoutine] :: Main started
[2019.05.05 - 19:00:55] [INFO] [Dispatcher] :: Starting Engine Dispatcher
[2019.05.05 - 19:00:55] [INFO] [Dispatcher] :: Validating input
[2019.05.05 - 19:00:55] [INFO] [Dispatcher] :: Loaded config version 0.1
[2019.05.05 - 19:00:55] [INFO] [Dispatcher] :: Executing requested Engine Adapter
[2019.05.05 - 19:00:56] [WARN] [Dispatcher] :: Engine function is not implemented
[2019.05.05 - 19:00:56] [INFO] [Dispatcher] :: Terminating Engine Routine
[2019.05.05 - 19:00:56] [INFO] [Dispatcher] :: Engine stopped
[2019.05.05 - 19:04:50] [INFO] [StartRoutine] :: Main started
[2019.05.05 - 19:04:50] [INFO] [Dispatcher] :: Starting Engine Dispatcher
[2019.05.05 - 19:04:50] [INFO] [Dispatcher] :: Validating input
[2019.05.05 - 19:04:50] [INFO] [Dispatcher] :: Loaded config version 0.1
[2019.05.05 - 19:04:50] [INFO] [Dispatcher] :: Executing requested Engine Adapter
[2019.05.05 - 19:04:51] [WARN] [Dispatcher] :: Engine function -1is not implemented
[2019.05.05 - 19:04:51] [INFO] [Dispatcher] :: Terminating Engine Routine
[2019.05.05 - 19:04:51] [INFO] [Dispatcher] :: Engine stopped
[2019.05.05 - 19:08:12] [INFO] [StartRoutine] :: Main started
[2019.05.05 - 19:08:12] [INFO] [Dispatcher] :: Starting Engine Dispatcher
[2019.05.05 - 19:08:12] [INFO] [Dispatcher] :: Validating input
[2019.05.05 - 19:08:12] [INFO] [Dispatcher] :: Loaded config version 0.1
[2019.05.05 - 19:08:12] [INFO] [Dispatcher] :: Executing requested Engine Adapter
[2019.05.05 - 19:08:13] [WARN] [Dispatcher] :: Engine function -1 is not implemented
[2019.05.05 - 19:08:13] [INFO] [Dispatcher] :: Terminating Engine Routine
[2019.05.05 - 19:08:13] [INFO] [Dispatcher] :: Engine stopped
[2019.05.05 - 19:09:24] [INFO] [StartRoutine] :: Main started
[2019.05.05 - 19:09:31] [INFO] [Dispatcher] :: Starting Engine Dispatcher
[2019.05.05 - 19:09:31] [INFO] [Dispatcher] :: Validating input
[2019.05.05 - 19:09:31] [INFO] [Dispatcher] :: Loaded config version 0.1
[2019.05.05 - 19:09:31] [INFO] [Dispatcher] :: Executing requested Engine Adapter
[2019.05.05 - 19:09:59] [INFO] [TextSearch] :: Starting TextSearch Adapter
[2019.05.05 - 19:09:59] [INFO] [Dispatcher] :: Terminating Engine Routine
[2019.05.05 - 19:09:59] [INFO] [Dispatcher] :: Engine stopped
